[debug] ----------------------------------------------------------------------
[debug] Command:      C:\Program Files\nodejs\node.exe C:\Users\ES1-111\AppData\Roaming\npm\node_modules\firebase-tools\bin\firebase serve
[debug] CLI Version:  3.2.0
[debug] Platform:     win32
[debug] Node Version: v4.5.0
[debug] Time:         Mon Dec 05 2016 23:33:49 GMT+0700 (SE Asia Standard Time)
[debug] ----------------------------------------------------------------------
[debug] 
[info] Starting Firebase development server...
[info] 
[info] Project Directory: D:\Research\web-cimerangfarm
[info] Public Directory: ./
[info] 
[info] Server listening at: http://localhost:5000
[debug] ----------------------------------------------------------------------
[debug] Command:      C:\Program Files\nodejs\node.exe C:\Users\ES1-111\AppData\Roaming\npm\node_modules\firebase-tools\bin\firebase serve
[debug] CLI Version:  3.2.0
[debug] Platform:     win32
[debug] Node Version: v4.5.0
[debug] Time:         Tue Dec 06 2016 13:29:34 GMT+0700 (SE Asia Standard Time)
[debug] ----------------------------------------------------------------------
[debug] 
[info] Starting Firebase development server...
[info] 
[info] Project Directory: D:\Research\web-cimerangfarm
[info] Public Directory: ./
[info] 
[info] Server listening at: http://localhost:5000
